Script started on Wed Apr 27 19:17:01 2016
sh-4.3$ pwd
/home/93/dcalmes/cs217r2
sh-4.3$ ls -l
total 110
-rw-r--r--   1 dcalmes  ics217r2      89 Apr  6 11:33 lab5a.cos
-rw-r--r--   1 dcalmes  ics217r2      38 Apr  6 11:33 lab5a.exec
-rw-r--r--   1 dcalmes  ics217r2      38 Apr  6 11:33 lab5a.obj
-rw-r--r--   1 dcalmes  ics217r2     642 Apr  6 11:33 lab5a.src
-rw-r--r--   1 dcalmes  ics217r2      42 Apr  6 11:33 lab5a.sym
-rw-r--r--   1 dcalmes  ics217r2     131 Apr  6 12:09 lab5b.cos
-rw-r--r--   1 dcalmes  ics217r2      54 Apr  6 12:09 lab5b.exec
-rw-r--r--   1 dcalmes  user        3644 Apr  6 12:09 lab5b.log
-rw-r--r--   1 dcalmes  ics217r2      54 Apr  6 12:08 lab5b.obj
-rw-r--r--   1 dcalmes  ics217r2     523 Apr  6 12:07 lab5b.src
-rw-r--r--   1 dcalmes  ics217r2      69 Apr  6 12:08 lab5b.sym
-rw-r--r--   1 dcalmes  ics217r2     139 Apr 27 11:53 lab6.cos
-rw-r--r--   1 dcalmes  ics217r2      54 Apr 27 11:53 lab6.exec
-rw-r--r--   1 dcalmes  user           0 Apr 27 19:17 lab6.log
-rw-r--r--   1 dcalmes  ics217r2      54 Apr 27 11:52 lab6.obj
-rw-r--r--   1 dcalmes  ics217r2     931 Apr 27 15:23 lab6.src
-rw-r--r--   1 dcalmes  ics217r2      51 Apr 27 11:52 lab6.sym
-rw-r--r--   1 dcalmes  ics217r2     140 Apr 27 15:29 lab6b.cos
-rw-r--r--   1 dcalmes  ics217r2      54 Apr 27 15:29 lab6b.exec
-rw-r--r--   1 dcalmes  ics217r2      54 Apr 27 15:29 lab6b.obj
-rw-r--r--   1 dcalmes  ics217r2     929 Apr 27 15:36 lab6b.src
-rw-r--r--   1 dcalmes  ics217r2      54 Apr 27 15:29 lab6b.sym
lrwxrwxrwx   1 root     ics217r2      25 Apr  6 11:25 lib -> /home/classes/cs217r2/Lib
-rw-r--r--   1 dcalmes  ics217r2     152 Apr 19 16:49 proj5a.cos
-rw-r--r--   1 dcalmes  ics217r2      54 Apr 19 16:49 proj5a.exec
-rw-r--r--   1 dcalmes  user        6284 Apr 19 21:58 proj5a.log
-rw-r--r--   1 dcalmes  ics217r2      54 Apr 19 16:49 proj5a.obj
-rw-------   1 dcalmes  ics217r2     208 Apr 19 17:33 proj5a.save
-rw-r--r--   1 dcalmes  ics217r2    1140 Apr 19 16:48 proj5a.src
-rw-------   1 dcalmes  ics217r2     252 Apr 19 15:56 proj5a.src.save
-rw-r--r--   1 dcalmes  ics217r2      80 Apr 19 16:49 proj5a.sym
-rw-r--r--   1 dcalmes  ics217r2     101 Apr 19 17:54 proj5b.cos
-rw-r--r--   1 dcalmes  ics217r2      38 Apr 19 17:54 proj5b.exec
-rw-r--r--   1 dcalmes  user        8089 Apr 20 08:10 proj5b.log
-rw-r--r--   1 dcalmes  ics217r2      38 Apr 19 17:54 proj5b.obj
-rw-r--r--   1 dcalmes  ics217r2    1163 Apr 19 17:53 proj5b.src
-rw-r--r--   1 dcalmes  ics217r2      63 Apr 19 17:54 proj5b.sym
-rw-r--r--   1 dcalmes  ics217r2     175 Apr 25 13:18 proj6a.src
sh-4.3$ 
sh-4.3$ 
sh-4.3$ cat lab6.src
// Douglas G Calmes     CS 2170-3 11:30         Lab6 
// This program will perfrom the OR operation of two opperands,
// OP1 and OP2, leaving the result in the accumulator.  The "main"
// program will call this subroutine and when the subroutine is
// finished, store the value from the AC in RSLT.

                ORG     100     // Origin set to 100
                ENTRY   OR      // Name of Lab Entry
                BSA     FLIP    // Branch to Flip (subroutine)
                STA     RSLT    // Store the Result
                DMP             // Dump
                HLT             // Hault Program
                END             // End Program
        FLIP,   HEX     0       // Start of Flip (subroutine)
                LDA     OP1     // Load OP1 into AC
                CMA     OP1     // Compliment OP1
                STA     OP1     // Store the new OP1
                LDA     OP2     // Load OP2 into AC
                CMA     OP2     // Compliment OP2
                STA     OP2     // Store the new OP2
                LDA     OP1     // Load OP1 into AC
                AND     OP2     // AND OP1 and OP2
                CMA             // Compliment the AC
                BUN     FLIP I  // Branch to Flip I
        OP1,    HEX     1B2C    // Value of OP1
        OP2,    HEX     6A35    // Value of OP2
        RSLT,   HEX     0000    // Value of OP1 + OP2

                
sh-4.3$ csos
[2J[H
                    Welcome to the csos operating system!
                               CS 217
               To see a list of commands type 'help' or '?'

csos: assem lab6.src
     // DOUGLAS G CALMES        CS 2170-3 11:30         LAB6 
     // THIS PROGRAM WILL PERFROM THE OR OPERATION OF TWO OPPERANDS,
     // OP1 AND OP2, LEAVING THE RESULT IN THE ACCUMULATOR.  THE "MAIN"
     // PROGRAM WILL CALL THIS SUBROUTINE AND WHEN THE SUBROUTINE IS
     // FINISHED, STORE THE VALUE FROM THE AC IN RSLT.
     
                ORG     100     // ORIGIN SET TO 100
                ENTRY   OR      // NAME OF LAB ENTRY
0100            BSA     FLIP    // BRANCH TO FLIP (SUBROUTINE)
0101            STA     RSLT    // STORE THE RESULT
0102            DMP             // DUMP
0103            HLT             // HAULT PROGRAM
                END             // END PROGRAM
0104    FLIP,   HEX     0       // START OF FLIP (SUBROUTINE)
0105            LDA     OP1     // LOAD OP1 INTO AC
0106            CMA     OP1     // COMPLIMENT OP1
0107            STA     OP1     // STORE THE NEW OP1
0108            LDA     OP2     // LOAD OP2 INTO AC
0109            CMA     OP2     // COMPLIMENT OP2
010a            STA     OP2     // STORE THE NEW OP2
010b            LDA     OP1     // LOAD OP1 INTO AC
010c            AND     OP2     // AND OP1 AND OP2
010d            CMA             // COMPLIMENT THE AC
010e            BUN     FLIP I  // BRANCH TO FLIP I
010f    OP1,    HEX     1B2C    // VALUE OF OP1
0110    OP2,    HEX     6A35    // VALUE OF OP2
0111    RSLT,   HEX     0000    // VALUE OF OP1 + OP2
     
                

Symbol Table:
OR      0100    1
FLIP    0104    0
OP1     010f    0
OP2     0110    0
RSLT    0111    0

Object code:
5104 3111 f001 7001 0000 210f 7200 310f 
2110 7200 3110 210f 0110 7200 c104 1b2c 
6a35 0000 0000 0000 0000 0000 0000 0000 

csos: link lab6.obj
File to link lab6.obj
obj  file name is lab6.obj
exec file name is lab6.exec
web simulator file name is lab6.cos
csos: run lab6.exec
No input file used, proceeding ...

csos registers:
   AC = 7b3d
   PC = 0103

   E flip-flop: 0

csos memory:

0100: 5104 3111 f001 7001 0101 210f 7200 310f 
0108: 2110 7200 3110 210f 0110 7200 c104 e4d3 
0110: 95ca 7b3d 0000 0000 0000 0000 0000 0000 
0118: ffff ffff ffff ffff ffff ffff ffff ffff 
0120: ffff ffff ffff ffff ffff ffff ffff ffff 
0128: ffff ffff ffff ffff ffff ffff ffff ffff 
0130: ffff ffff ffff ffff ffff ffff ffff ffff 


csos: quit
sh-4.3$ exit
exit

script done on Wed Apr 27 19:17:54 2016
